
01000011011010000100100101001101010001010101001100100000010001000111001001101001011101100110010101110010
                                                                                                        
          _____ _     _____ __  __ ______  _____            _        _____       _                      
         / ____| |   |_   _|  \/  |  ____|/ ____|     /\   | |      |  __ \     (_)                     
        | |    | |__   | | | \  / | |__  | (___      /  \  | |      | |  | |_ __ ___   _____ _ __       
        | |    | '_ \  | | | |\/| |  __|  \___ \    / /\ \ | |      | |  | | '__| \ \ / / _ \ '__|      
        | |____| | | |_| |_| |  | | |____ ____) |  / ____ \| |____  | |__| | |  | |\ V /  __/ |         
         \_____|_| |_|_____|_|  |_|______|_____/  /_/    \_\______| |_____/|_|  |_| \_/ \___|_|         
                                                                                                        
                              ____                                                                      
                         ____//_]|________                                                              
                        (o _ |  -|   _  o|                                                              
                         `(_)-------(_)--'~~~~~ Copyright (C) 2022 R.K. Lindsey                         
                                                                                                        
                                                                                                        
01000011011010000100100101001101010001010101001100100000010001000111001001101001011101100110010101110010

WARNING: Option config.EMAIL_ADD was not set
         Will not send e-mail updates. 
WARNING: Option config.SEED was not set
         Will use a value of 1
WARNING: Option config.STRS_STYLE was not set
         Will use "ALL" (i.e. rather than "DIAG")
WARNING: Option config.THIS_SMEAR was not set
         Will assume values are provided in the traj_list file, in K
WARNING: Option config.DO_HIERARCH was not set
         Will use "False"
WARNING: Option config.HPC_PPN was not set
         Will use a value of 36
WARNING: Option config.HPC_SYSTEM was not set
         Will use slurm
         Note: No other options are currently supported.
WARNING: Option config.HPC_EMAIL was not set
         Will use False
Warning: Option config.FIT_CORRECTION was not set
         Will use "False"
WARNING: Option config.WEIGHTS_SET_ALC_0 was not set
         Will set to False
WARNING: Option config.WEIGHTS_ALC_0 was not set
         Will set to None
WARNING: Option config.WEIGHTS_FGAS was not set
         Will use a value of 5.0
WARNING: Option config.WEIGHTS_ENER was not set
         Will use a value of 0.1
WARNING: Option config.WEIGHTS_EGAS was not set
         Will use a value of 0.1
WARNING: Option config.WEIGHTS_STRES was not set
         Will use a value of 250.0
WARNING: Option config.CHIMES_SOLVE_PPN was not set
         Will use a value of config.HPC_PPN
Will run simulations using method:  CHIMES
WARNING: Option config.CHIMES_MD_SER was not set
         Will use config.CHIMES_SRCDIR + "chimes_md-serial"
WARNING: Option config.MDFILES was not set
         Will use config.WORKING_DIR + "ALL_BASE_FILES/CHIMESMD_BASEFILES/"
WARNING: Option config.CHIMES_PEN_PREFAC was not set
         Will use a value of 1.0E6
WARNING: Option config.CHIMES_PEN_DIST was not set
         Will use a value of 0.02
WARNING: Option config.DO_CLUSTER was not set
         Will use a value of False
WARNING: Option config.LMP_FILES was not set
         Will use config.WORKING_DIR + "ALL_BASE_FILES/QM_BASEFILES"
WARNING: Option config.LMP_POSTPRC was not set
         Will use config.DRIVER_DIR + "/src/lmp_to_xyz.py"
The following has been set as the working directory:
	 /home/rklinds/codes/al_driver-myLLfork/examples/simple_iter_single_statepoint-lmp/my_test-3.0/
The ALC-X contents of this directory will be overwritten.
Will read smearing temperatures from traj_list.dat file
Will run for the following active learning cycles:
0
1
2
3
After processing restart file, will run for the following active learning cycles:
0
1
2
3
Will include stress tensors for self-consistently obtained full-frames, for ALC >= 1000
config.DO_CLUSTER was set false - skipping ALC-0
Working on ALC: 1
Sleeping for 60 more seconds while waiting for job  56042024 ... build_amat
Breaking ... 
Starting solve_amat from scratch
A-mat entries:   43200
b-mat entries:   43200
natoms entries:  43200
weight entries:  43200
Dim file contents: 42 43200

Splitting A-matrix for faster solve
Will write 36 files with 1200 lines per file
Counted 42 columns
Working on a new file no. 0
Working on a new file no. 1
Working on a new file no. 2
Working on a new file no. 3
Working on a new file no. 4
Working on a new file no. 5
Working on a new file no. 6
Working on a new file no. 7
Working on a new file no. 8
Working on a new file no. 9
Working on a new file no. 10
Working on a new file no. 11
Working on a new file no. 12
Working on a new file no. 13
Working on a new file no. 14
Working on a new file no. 15
Working on a new file no. 16
Working on a new file no. 17
Working on a new file no. 18
Working on a new file no. 19
Working on a new file no. 20
Working on a new file no. 21
Working on a new file no. 22
Working on a new file no. 23
Working on a new file no. 24
Working on a new file no. 25
Working on a new file no. 26
Working on a new file no. 27
Working on a new file no. 28
Working on a new file no. 29
Working on a new file no. 30
Working on a new file no. 31
Working on a new file no. 32
Working on a new file no. 33
Working on a new file no. 34
    ...split complete
Sleeping for 60 more seconds while waiting for job  56042046 ... solve_amat
Breaking ... 
Sleeping for 60 more seconds while waiting for jobs  ['56042087'] ... run_md
Sleeping for 60 more seconds while waiting for jobs  ['56042087'] ... run_md
Sleeping for 60 more seconds while waiting for jobs  ['56042087'] ... run_md
Sleeping for 60 more seconds while waiting for jobs  ['56042087'] ... run_md
Sleeping for 60 more seconds while waiting for jobs  ['56042087'] ... run_md
Breaking ... 

Generating 20 evenly spaced frames
Breaking apart file:  traj_bad_r.ge.rin+dp_dftbfrq.xyz
WARNING: Converting forces from Hartree/bohr to simulation units (kca/mol/Ang)
Adding up to 20 traj_bad_r.lt.rin+dp.xyz frames
Breaking apart file:  traj_bad_r.lt.rin+dp.xyz
WARNING: Converting forces from Hartree/bohr to simulation units (kca/mol/Ang)
WARNING: LMP as a gas phase method is untested!
WARNING: LMP as a gas phase method is untested!
WARNING: LMP as a gas phase method is untested!
Breaking apart file:  case_0.indep_0.traj_20F.xyz
WARNING: Converting forces from Hartree/bohr to simulation units (kca/mol/Ang)
	On case 0 configuration case_0.indep_0.traj_20F_#000.xyz generating LMP .data.in file with template data file index: 1
	On case 0 configuration case_0.indep_0.traj_20F_#001.xyz generating LMP .data.in file with template data file index: 1
	On case 0 configuration case_0.indep_0.traj_20F_#002.xyz generating LMP .data.in file with template data file index: 1
	On case 0 configuration case_0.indep_0.traj_20F_#003.xyz generating LMP .data.in file with template data file index: 1
	On case 0 configuration case_0.indep_0.traj_20F_#004.xyz generating LMP .data.in file with template data file index: 1
	On case 0 configuration case_0.indep_0.traj_20F_#005.xyz generating LMP .data.in file with template data file index: 1
	On case 0 configuration case_0.indep_0.traj_20F_#006.xyz generating LMP .data.in file with template data file index: 1
	On case 0 configuration case_0.indep_0.traj_20F_#007.xyz generating LMP .data.in file with template data file index: 1
	On case 0 configuration case_0.indep_0.traj_20F_#008.xyz generating LMP .data.in file with template data file index: 1
	On case 0 configuration case_0.indep_0.traj_20F_#009.xyz generating LMP .data.in file with template data file index: 1
	On case 0 configuration case_0.indep_0.traj_20F_#010.xyz generating LMP .data.in file with template data file index: 1
	On case 0 configuration case_0.indep_0.traj_20F_#011.xyz generating LMP .data.in file with template data file index: 1
	On case 0 configuration case_0.indep_0.traj_20F_#012.xyz generating LMP .data.in file with template data file index: 1
	On case 0 configuration case_0.indep_0.traj_20F_#013.xyz generating LMP .data.in file with template data file index: 1
	On case 0 configuration case_0.indep_0.traj_20F_#014.xyz generating LMP .data.in file with template data file index: 1
	On case 0 configuration case_0.indep_0.traj_20F_#015.xyz generating LMP .data.in file with template data file index: 1
	On case 0 configuration case_0.indep_0.traj_20F_#016.xyz generating LMP .data.in file with template data file index: 1
	On case 0 configuration case_0.indep_0.traj_20F_#017.xyz generating LMP .data.in file with template data file index: 1
	On case 0 configuration case_0.indep_0.traj_20F_#018.xyz generating LMP .data.in file with template data file index: 1
	On case 0 configuration case_0.indep_0.traj_20F_#019.xyz generating LMP .data.in file with template data file index: 1
	On case 0 configuration case_0.indep_0.traj_20F_#020.xyz generating LMP .data.in file with template data file index: 1
	On case 0 configuration case_0.indep_0.traj_20F_#021.xyz generating LMP .data.in file with template data file index: 1
	On case 0 configuration case_0.indep_0.traj_20F_#022.xyz generating LMP .data.in file with template data file index: 1
	On case 0 configuration case_0.indep_0.traj_20F_#023.xyz generating LMP .data.in file with template data file index: 1
	On case 0 configuration case_0.indep_0.traj_20F_#024.xyz generating LMP .data.in file with template data file index: 1
	On case 0 configuration case_0.indep_0.traj_20F_#025.xyz generating LMP .data.in file with template data file index: 1
	On case 0 configuration case_0.indep_0.traj_20F_#026.xyz generating LMP .data.in file with template data file index: 1
	On case 0 configuration case_0.indep_0.traj_20F_#027.xyz generating LMP .data.in file with template data file index: 1
	On case 0 configuration case_0.indep_0.traj_20F_#028.xyz generating LMP .data.in file with template data file index: 1
	On case 0 configuration case_0.indep_0.traj_20F_#029.xyz generating LMP .data.in file with template data file index: 1
	On case 0 configuration case_0.indep_0.traj_20F_#030.xyz generating LMP .data.in file with template data file index: 1
	On case 0 configuration case_0.indep_0.traj_20F_#031.xyz generating LMP .data.in file with template data file index: 1
	On case 0 configuration case_0.indep_0.traj_20F_#032.xyz generating LMP .data.in file with template data file index: 1
	On case 0 configuration case_0.indep_0.traj_20F_#033.xyz generating LMP .data.in file with template data file index: 1
	On case 0 configuration case_0.indep_0.traj_20F_#034.xyz generating LMP .data.in file with template data file index: 1
	On case 0 configuration case_0.indep_0.traj_20F_#035.xyz generating LMP .data.in file with template data file index: 1
	On case 0 configuration case_0.indep_0.traj_20F_#036.xyz generating LMP .data.in file with template data file index: 1
	On case 0 configuration case_0.indep_0.traj_20F_#037.xyz generating LMP .data.in file with template data file index: 1
	On case 0 configuration case_0.indep_0.traj_20F_#038.xyz generating LMP .data.in file with template data file index: 1
	On case 0 configuration case_0.indep_0.traj_20F_#039.xyz generating LMP .data.in file with template data file index: 1
Sleeping for 60 more seconds while waiting for jobs  ['56042313'] ... setup_qm
Sleeping for 60 more seconds while waiting for jobs  ['56042313'] ... setup_qm
Breaking ... 
active jobs:  []
All jobs are complete
Working on: LMP-20
Detected 0 unconverged QM jobs
post-processing...
Working on: LMP-20
	Processing files:         
	    trjfile:              CASE-0/case_0.indep_0.traj_20F_#000.traj.lammpstrj
	    logfile:              CASE-0/case_0.indep_0.traj_20F_#000.log.lammps
	Writing output to:        CASE-0/case_0.indep_0.traj_20F_#000.traj.lammpstrj.xyzf
	Will use units:           REAL
	Counted atoms:            72
	Counted frames:           1
	Printing every nth frame: 1
Printed frames:            1
	Processing files:         
	    trjfile:              CASE-0/case_0.indep_0.traj_20F_#001.traj.lammpstrj
	    logfile:              CASE-0/case_0.indep_0.traj_20F_#001.log.lammps
	Writing output to:        CASE-0/case_0.indep_0.traj_20F_#001.traj.lammpstrj.xyzf
	Will use units:           REAL
	Counted atoms:            72
	Counted frames:           1
	Printing every nth frame: 1
Printed frames:            1
	Processing files:         
	    trjfile:              CASE-0/case_0.indep_0.traj_20F_#002.traj.lammpstrj
	    logfile:              CASE-0/case_0.indep_0.traj_20F_#002.log.lammps
	Writing output to:        CASE-0/case_0.indep_0.traj_20F_#002.traj.lammpstrj.xyzf
	Will use units:           REAL
	Counted atoms:            72
	Counted frames:           1
	Printing every nth frame: 1
Printed frames:            1
	Processing files:         
	    trjfile:              CASE-0/case_0.indep_0.traj_20F_#003.traj.lammpstrj
	    logfile:              CASE-0/case_0.indep_0.traj_20F_#003.log.lammps
	Writing output to:        CASE-0/case_0.indep_0.traj_20F_#003.traj.lammpstrj.xyzf
	Will use units:           REAL
	Counted atoms:            72
	Counted frames:           1
	Printing every nth frame: 1
Printed frames:            1
	Processing files:         
	    trjfile:              CASE-0/case_0.indep_0.traj_20F_#004.traj.lammpstrj
	    logfile:              CASE-0/case_0.indep_0.traj_20F_#004.log.lammps
	Writing output to:        CASE-0/case_0.indep_0.traj_20F_#004.traj.lammpstrj.xyzf
	Will use units:           REAL
	Counted atoms:            72
	Counted frames:           1
	Printing every nth frame: 1
Printed frames:            1
	Processing files:         
	    trjfile:              CASE-0/case_0.indep_0.traj_20F_#005.traj.lammpstrj
	    logfile:              CASE-0/case_0.indep_0.traj_20F_#005.log.lammps
	Writing output to:        CASE-0/case_0.indep_0.traj_20F_#005.traj.lammpstrj.xyzf
	Will use units:           REAL
	Counted atoms:            72
	Counted frames:           1
	Printing every nth frame: 1
Printed frames:            1
	Processing files:         
	    trjfile:              CASE-0/case_0.indep_0.traj_20F_#006.traj.lammpstrj
	    logfile:              CASE-0/case_0.indep_0.traj_20F_#006.log.lammps
	Writing output to:        CASE-0/case_0.indep_0.traj_20F_#006.traj.lammpstrj.xyzf
	Will use units:           REAL
	Counted atoms:            72
	Counted frames:           1
	Printing every nth frame: 1
Printed frames:            1
	Processing files:         
	    trjfile:              CASE-0/case_0.indep_0.traj_20F_#007.traj.lammpstrj
	    logfile:              CASE-0/case_0.indep_0.traj_20F_#007.log.lammps
	Writing output to:        CASE-0/case_0.indep_0.traj_20F_#007.traj.lammpstrj.xyzf
	Will use units:           REAL
	Counted atoms:            72
	Counted frames:           1
	Printing every nth frame: 1
Printed frames:            1
	Processing files:         
	    trjfile:              CASE-0/case_0.indep_0.traj_20F_#008.traj.lammpstrj
	    logfile:              CASE-0/case_0.indep_0.traj_20F_#008.log.lammps
	Writing output to:        CASE-0/case_0.indep_0.traj_20F_#008.traj.lammpstrj.xyzf
	Will use units:           REAL
	Counted atoms:            72
	Counted frames:           1
	Printing every nth frame: 1
Printed frames:            1
	Processing files:         
	    trjfile:              CASE-0/case_0.indep_0.traj_20F_#009.traj.lammpstrj
	    logfile:              CASE-0/case_0.indep_0.traj_20F_#009.log.lammps
	Writing output to:        CASE-0/case_0.indep_0.traj_20F_#009.traj.lammpstrj.xyzf
	Will use units:           REAL
	Counted atoms:            72
	Counted frames:           1
	Printing every nth frame: 1
Printed frames:            1
	Processing files:         
	    trjfile:              CASE-0/case_0.indep_0.traj_20F_#010.traj.lammpstrj
	    logfile:              CASE-0/case_0.indep_0.traj_20F_#010.log.lammps
	Writing output to:        CASE-0/case_0.indep_0.traj_20F_#010.traj.lammpstrj.xyzf
	Will use units:           REAL
	Counted atoms:            72
	Counted frames:           1
	Printing every nth frame: 1
Printed frames:            1
	Processing files:         
	    trjfile:              CASE-0/case_0.indep_0.traj_20F_#011.traj.lammpstrj
	    logfile:              CASE-0/case_0.indep_0.traj_20F_#011.log.lammps
	Writing output to:        CASE-0/case_0.indep_0.traj_20F_#011.traj.lammpstrj.xyzf
	Will use units:           REAL
	Counted atoms:            72
	Counted frames:           1
	Printing every nth frame: 1
Printed frames:            1
	Processing files:         
	    trjfile:              CASE-0/case_0.indep_0.traj_20F_#012.traj.lammpstrj
	    logfile:              CASE-0/case_0.indep_0.traj_20F_#012.log.lammps
	Writing output to:        CASE-0/case_0.indep_0.traj_20F_#012.traj.lammpstrj.xyzf
	Will use units:           REAL
	Counted atoms:            72
	Counted frames:           1
	Printing every nth frame: 1
Printed frames:            1
	Processing files:         
	    trjfile:              CASE-0/case_0.indep_0.traj_20F_#013.traj.lammpstrj
	    logfile:              CASE-0/case_0.indep_0.traj_20F_#013.log.lammps
	Writing output to:        CASE-0/case_0.indep_0.traj_20F_#013.traj.lammpstrj.xyzf
	Will use units:           REAL
	Counted atoms:            72
	Counted frames:           1
	Printing every nth frame: 1
Printed frames:            1
	Processing files:         
	    trjfile:              CASE-0/case_0.indep_0.traj_20F_#014.traj.lammpstrj
	    logfile:              CASE-0/case_0.indep_0.traj_20F_#014.log.lammps
	Writing output to:        CASE-0/case_0.indep_0.traj_20F_#014.traj.lammpstrj.xyzf
	Will use units:           REAL
	Counted atoms:            72
	Counted frames:           1
	Printing every nth frame: 1
Printed frames:            1
	Processing files:         
	    trjfile:              CASE-0/case_0.indep_0.traj_20F_#015.traj.lammpstrj
	    logfile:              CASE-0/case_0.indep_0.traj_20F_#015.log.lammps
	Writing output to:        CASE-0/case_0.indep_0.traj_20F_#015.traj.lammpstrj.xyzf
	Will use units:           REAL
	Counted atoms:            72
	Counted frames:           1
	Printing every nth frame: 1
Printed frames:            1
	Processing files:         
	    trjfile:              CASE-0/case_0.indep_0.traj_20F_#016.traj.lammpstrj
	    logfile:              CASE-0/case_0.indep_0.traj_20F_#016.log.lammps
	Writing output to:        CASE-0/case_0.indep_0.traj_20F_#016.traj.lammpstrj.xyzf
	Will use units:           REAL
	Counted atoms:            72
	Counted frames:           1
	Printing every nth frame: 1
Printed frames:            1
	Processing files:         
	    trjfile:              CASE-0/case_0.indep_0.traj_20F_#017.traj.lammpstrj
	    logfile:              CASE-0/case_0.indep_0.traj_20F_#017.log.lammps
	Writing output to:        CASE-0/case_0.indep_0.traj_20F_#017.traj.lammpstrj.xyzf
	Will use units:           REAL
	Counted atoms:            72
	Counted frames:           1
	Printing every nth frame: 1
Printed frames:            1
	Processing files:         
	    trjfile:              CASE-0/case_0.indep_0.traj_20F_#018.traj.lammpstrj
	    logfile:              CASE-0/case_0.indep_0.traj_20F_#018.log.lammps
	Writing output to:        CASE-0/case_0.indep_0.traj_20F_#018.traj.lammpstrj.xyzf
	Will use units:           REAL
	Counted atoms:            72
	Counted frames:           1
	Printing every nth frame: 1
Printed frames:            1
	Processing files:         
	    trjfile:              CASE-0/case_0.indep_0.traj_20F_#019.traj.lammpstrj
	    logfile:              CASE-0/case_0.indep_0.traj_20F_#019.log.lammps
	Writing output to:        CASE-0/case_0.indep_0.traj_20F_#019.traj.lammpstrj.xyzf
	Will use units:           REAL
	Counted atoms:            72
	Counted frames:           1
	Printing every nth frame: 1
Printed frames:            1
	Processing files:         
	    trjfile:              CASE-0/case_0.indep_0.traj_20F_#020.traj.lammpstrj
	    logfile:              CASE-0/case_0.indep_0.traj_20F_#020.log.lammps
	Writing output to:        CASE-0/case_0.indep_0.traj_20F_#020.traj.lammpstrj.xyzf
	Will use units:           REAL
	Counted atoms:            72
	Counted frames:           1
	Printing every nth frame: 1
Printed frames:            1
	Processing files:         
	    trjfile:              CASE-0/case_0.indep_0.traj_20F_#021.traj.lammpstrj
	    logfile:              CASE-0/case_0.indep_0.traj_20F_#021.log.lammps
	Writing output to:        CASE-0/case_0.indep_0.traj_20F_#021.traj.lammpstrj.xyzf
	Will use units:           REAL
	Counted atoms:            72
	Counted frames:           1
	Printing every nth frame: 1
Printed frames:            1
	Processing files:         
	    trjfile:              CASE-0/case_0.indep_0.traj_20F_#022.traj.lammpstrj
	    logfile:              CASE-0/case_0.indep_0.traj_20F_#022.log.lammps
	Writing output to:        CASE-0/case_0.indep_0.traj_20F_#022.traj.lammpstrj.xyzf
	Will use units:           REAL
	Counted atoms:            72
	Counted frames:           1
	Printing every nth frame: 1
Printed frames:            1
	Processing files:         
	    trjfile:              CASE-0/case_0.indep_0.traj_20F_#023.traj.lammpstrj
	    logfile:              CASE-0/case_0.indep_0.traj_20F_#023.log.lammps
	Writing output to:        CASE-0/case_0.indep_0.traj_20F_#023.traj.lammpstrj.xyzf
	Will use units:           REAL
	Counted atoms:            72
	Counted frames:           1
	Printing every nth frame: 1
Printed frames:            1
	Processing files:         
	    trjfile:              CASE-0/case_0.indep_0.traj_20F_#024.traj.lammpstrj
	    logfile:              CASE-0/case_0.indep_0.traj_20F_#024.log.lammps
	Writing output to:        CASE-0/case_0.indep_0.traj_20F_#024.traj.lammpstrj.xyzf
	Will use units:           REAL
	Counted atoms:            72
	Counted frames:           1
	Printing every nth frame: 1
Printed frames:            1
	Processing files:         
	    trjfile:              CASE-0/case_0.indep_0.traj_20F_#025.traj.lammpstrj
	    logfile:              CASE-0/case_0.indep_0.traj_20F_#025.log.lammps
	Writing output to:        CASE-0/case_0.indep_0.traj_20F_#025.traj.lammpstrj.xyzf
	Will use units:           REAL
	Counted atoms:            72
	Counted frames:           1
	Printing every nth frame: 1
Printed frames:            1
	Processing files:         
	    trjfile:              CASE-0/case_0.indep_0.traj_20F_#026.traj.lammpstrj
	    logfile:              CASE-0/case_0.indep_0.traj_20F_#026.log.lammps
	Writing output to:        CASE-0/case_0.indep_0.traj_20F_#026.traj.lammpstrj.xyzf
	Will use units:           REAL
	Counted atoms:            72
	Counted frames:           1
	Printing every nth frame: 1
Printed frames:            1
	Processing files:         
	    trjfile:              CASE-0/case_0.indep_0.traj_20F_#027.traj.lammpstrj
	    logfile:              CASE-0/case_0.indep_0.traj_20F_#027.log.lammps
	Writing output to:        CASE-0/case_0.indep_0.traj_20F_#027.traj.lammpstrj.xyzf
	Will use units:           REAL
	Counted atoms:            72
	Counted frames:           1
	Printing every nth frame: 1
Printed frames:            1
	Processing files:         
	    trjfile:              CASE-0/case_0.indep_0.traj_20F_#028.traj.lammpstrj
	    logfile:              CASE-0/case_0.indep_0.traj_20F_#028.log.lammps
	Writing output to:        CASE-0/case_0.indep_0.traj_20F_#028.traj.lammpstrj.xyzf
	Will use units:           REAL
	Counted atoms:            72
	Counted frames:           1
	Printing every nth frame: 1
Printed frames:            1
	Processing files:         
	    trjfile:              CASE-0/case_0.indep_0.traj_20F_#029.traj.lammpstrj
	    logfile:              CASE-0/case_0.indep_0.traj_20F_#029.log.lammps
	Writing output to:        CASE-0/case_0.indep_0.traj_20F_#029.traj.lammpstrj.xyzf
	Will use units:           REAL
	Counted atoms:            72
	Counted frames:           1
	Printing every nth frame: 1
Printed frames:            1
	Processing files:         
	    trjfile:              CASE-0/case_0.indep_0.traj_20F_#030.traj.lammpstrj
	    logfile:              CASE-0/case_0.indep_0.traj_20F_#030.log.lammps
	Writing output to:        CASE-0/case_0.indep_0.traj_20F_#030.traj.lammpstrj.xyzf
	Will use units:           REAL
	Counted atoms:            72
	Counted frames:           1
	Printing every nth frame: 1
Printed frames:            1
	Processing files:         
	    trjfile:              CASE-0/case_0.indep_0.traj_20F_#031.traj.lammpstrj
	    logfile:              CASE-0/case_0.indep_0.traj_20F_#031.log.lammps
	Writing output to:        CASE-0/case_0.indep_0.traj_20F_#031.traj.lammpstrj.xyzf
	Will use units:           REAL
	Counted atoms:            72
	Counted frames:           1
	Printing every nth frame: 1
Printed frames:            1
	Processing files:         
	    trjfile:              CASE-0/case_0.indep_0.traj_20F_#032.traj.lammpstrj
	    logfile:              CASE-0/case_0.indep_0.traj_20F_#032.log.lammps
	Writing output to:        CASE-0/case_0.indep_0.traj_20F_#032.traj.lammpstrj.xyzf
	Will use units:           REAL
	Counted atoms:            72
	Counted frames:           1
	Printing every nth frame: 1
Printed frames:            1
	Processing files:         
	    trjfile:              CASE-0/case_0.indep_0.traj_20F_#033.traj.lammpstrj
	    logfile:              CASE-0/case_0.indep_0.traj_20F_#033.log.lammps
	Writing output to:        CASE-0/case_0.indep_0.traj_20F_#033.traj.lammpstrj.xyzf
	Will use units:           REAL
	Counted atoms:            72
	Counted frames:           1
	Printing every nth frame: 1
Printed frames:            1
	Processing files:         
	    trjfile:              CASE-0/case_0.indep_0.traj_20F_#034.traj.lammpstrj
	    logfile:              CASE-0/case_0.indep_0.traj_20F_#034.log.lammps
	Writing output to:        CASE-0/case_0.indep_0.traj_20F_#034.traj.lammpstrj.xyzf
	Will use units:           REAL
	Counted atoms:            72
	Counted frames:           1
	Printing every nth frame: 1
Printed frames:            1
	Processing files:         
	    trjfile:              CASE-0/case_0.indep_0.traj_20F_#035.traj.lammpstrj
	    logfile:              CASE-0/case_0.indep_0.traj_20F_#035.log.lammps
	Writing output to:        CASE-0/case_0.indep_0.traj_20F_#035.traj.lammpstrj.xyzf
	Will use units:           REAL
	Counted atoms:            72
	Counted frames:           1
	Printing every nth frame: 1
Printed frames:            1
	Processing files:         
	    trjfile:              CASE-0/case_0.indep_0.traj_20F_#036.traj.lammpstrj
	    logfile:              CASE-0/case_0.indep_0.traj_20F_#036.log.lammps
	Writing output to:        CASE-0/case_0.indep_0.traj_20F_#036.traj.lammpstrj.xyzf
	Will use units:           REAL
	Counted atoms:            72
	Counted frames:           1
	Printing every nth frame: 1
Printed frames:            1
	Processing files:         
	    trjfile:              CASE-0/case_0.indep_0.traj_20F_#037.traj.lammpstrj
	    logfile:              CASE-0/case_0.indep_0.traj_20F_#037.log.lammps
	Writing output to:        CASE-0/case_0.indep_0.traj_20F_#037.traj.lammpstrj.xyzf
	Will use units:           REAL
	Counted atoms:            72
	Counted frames:           1
	Printing every nth frame: 1
Printed frames:            1
	Processing files:         
	    trjfile:              CASE-0/case_0.indep_0.traj_20F_#038.traj.lammpstrj
	    logfile:              CASE-0/case_0.indep_0.traj_20F_#038.log.lammps
	Writing output to:        CASE-0/case_0.indep_0.traj_20F_#038.traj.lammpstrj.xyzf
	Will use units:           REAL
	Counted atoms:            72
	Counted frames:           1
	Printing every nth frame: 1
Printed frames:            1
	Processing files:         
	    trjfile:              CASE-0/case_0.indep_0.traj_20F_#039.traj.lammpstrj
	    logfile:              CASE-0/case_0.indep_0.traj_20F_#039.log.lammps
	Writing output to:        CASE-0/case_0.indep_0.traj_20F_#039.traj.lammpstrj.xyzf
	Will use units:           REAL
	Counted atoms:            72
	Counted frames:           1
	Printing every nth frame: 1
Printed frames:            1
ALC- 1 is complete
Working on ALC: 2
Warning: Setting FITSTRS false for ALC > 2
Sleeping for 60 more seconds while waiting for job  56042394 ... build_amat
Sleeping for 60 more seconds while waiting for job  56042394 ... build_amat
Breaking ... 
Starting solve_amat from scratch
A-mat entries:   51840
b-mat entries:   51840
natoms entries:  51840
weight entries:  51840
Dim file contents: 42 51840

Splitting A-matrix for faster solve
Will write 36 files with 1440 lines per file
Counted 42 columns
Working on a new file no. 0
Working on a new file no. 1
Working on a new file no. 2
Working on a new file no. 3
Working on a new file no. 4
Working on a new file no. 5
Working on a new file no. 6
Working on a new file no. 7
Working on a new file no. 8
Working on a new file no. 9
Working on a new file no. 10
Working on a new file no. 11
Working on a new file no. 12
Working on a new file no. 13
Working on a new file no. 14
Working on a new file no. 15
Working on a new file no. 16
Working on a new file no. 17
Working on a new file no. 18
Working on a new file no. 19
Working on a new file no. 20
Working on a new file no. 21
Working on a new file no. 22
Working on a new file no. 23
Working on a new file no. 24
Working on a new file no. 25
Working on a new file no. 26
Working on a new file no. 27
Working on a new file no. 28
Working on a new file no. 29
Working on a new file no. 30
Working on a new file no. 31
Working on a new file no. 32
Working on a new file no. 33
Working on a new file no. 34
    ...split complete
Sleeping for 60 more seconds while waiting for job  56042439 ... solve_amat
Sleeping for 60 more seconds while waiting for job  56042439 ... solve_amat
Breaking ... 
Sleeping for 60 more seconds while waiting for jobs  ['56042464'] ... run_md
Sleeping for 60 more seconds while waiting for jobs  ['56042464'] ... run_md
Sleeping for 60 more seconds while waiting for jobs  ['56042464'] ... run_md
Sleeping for 60 more seconds while waiting for jobs  ['56042464'] ... run_md
Sleeping for 60 more seconds while waiting for jobs  ['56042464'] ... run_md
Breaking ... 

Generating 20 evenly spaced frames
Breaking apart file:  traj_bad_r.ge.rin+dp_dftbfrq.xyz
WARNING: Converting forces from Hartree/bohr to simulation units (kca/mol/Ang)
Adding up to 20 traj_bad_r.lt.rin+dp.xyz frames
Breaking apart file:  traj_bad_r.lt.rin+dp.xyz
WARNING: Converting forces from Hartree/bohr to simulation units (kca/mol/Ang)
WARNING: LMP as a gas phase method is untested!
WARNING: LMP as a gas phase method is untested!
WARNING: LMP as a gas phase method is untested!
Breaking apart file:  case_0.indep_0.traj_20F.xyz
WARNING: Converting forces from Hartree/bohr to simulation units (kca/mol/Ang)
	On case 0 configuration case_0.indep_0.traj_20F_#000.xyz generating LMP .data.in file with template data file index: 1
	On case 0 configuration case_0.indep_0.traj_20F_#001.xyz generating LMP .data.in file with template data file index: 1
	On case 0 configuration case_0.indep_0.traj_20F_#002.xyz generating LMP .data.in file with template data file index: 1
	On case 0 configuration case_0.indep_0.traj_20F_#003.xyz generating LMP .data.in file with template data file index: 1
	On case 0 configuration case_0.indep_0.traj_20F_#004.xyz generating LMP .data.in file with template data file index: 1
	On case 0 configuration case_0.indep_0.traj_20F_#005.xyz generating LMP .data.in file with template data file index: 1
	On case 0 configuration case_0.indep_0.traj_20F_#006.xyz generating LMP .data.in file with template data file index: 1
	On case 0 configuration case_0.indep_0.traj_20F_#007.xyz generating LMP .data.in file with template data file index: 1
	On case 0 configuration case_0.indep_0.traj_20F_#008.xyz generating LMP .data.in file with template data file index: 1
	On case 0 configuration case_0.indep_0.traj_20F_#009.xyz generating LMP .data.in file with template data file index: 1
	On case 0 configuration case_0.indep_0.traj_20F_#010.xyz generating LMP .data.in file with template data file index: 1
	On case 0 configuration case_0.indep_0.traj_20F_#011.xyz generating LMP .data.in file with template data file index: 1
	On case 0 configuration case_0.indep_0.traj_20F_#012.xyz generating LMP .data.in file with template data file index: 1
	On case 0 configuration case_0.indep_0.traj_20F_#013.xyz generating LMP .data.in file with template data file index: 1
	On case 0 configuration case_0.indep_0.traj_20F_#014.xyz generating LMP .data.in file with template data file index: 1
	On case 0 configuration case_0.indep_0.traj_20F_#015.xyz generating LMP .data.in file with template data file index: 1
	On case 0 configuration case_0.indep_0.traj_20F_#016.xyz generating LMP .data.in file with template data file index: 1
	On case 0 configuration case_0.indep_0.traj_20F_#017.xyz generating LMP .data.in file with template data file index: 1
	On case 0 configuration case_0.indep_0.traj_20F_#018.xyz generating LMP .data.in file with template data file index: 1
	On case 0 configuration case_0.indep_0.traj_20F_#019.xyz generating LMP .data.in file with template data file index: 1
	On case 0 configuration case_0.indep_0.traj_20F_#020.xyz generating LMP .data.in file with template data file index: 1
	On case 0 configuration case_0.indep_0.traj_20F_#021.xyz generating LMP .data.in file with template data file index: 1
	On case 0 configuration case_0.indep_0.traj_20F_#022.xyz generating LMP .data.in file with template data file index: 1
	On case 0 configuration case_0.indep_0.traj_20F_#023.xyz generating LMP .data.in file with template data file index: 1
	On case 0 configuration case_0.indep_0.traj_20F_#024.xyz generating LMP .data.in file with template data file index: 1
	On case 0 configuration case_0.indep_0.traj_20F_#025.xyz generating LMP .data.in file with template data file index: 1
	On case 0 configuration case_0.indep_0.traj_20F_#026.xyz generating LMP .data.in file with template data file index: 1
	On case 0 configuration case_0.indep_0.traj_20F_#027.xyz generating LMP .data.in file with template data file index: 1
	On case 0 configuration case_0.indep_0.traj_20F_#028.xyz generating LMP .data.in file with template data file index: 1
	On case 0 configuration case_0.indep_0.traj_20F_#029.xyz generating LMP .data.in file with template data file index: 1
	On case 0 configuration case_0.indep_0.traj_20F_#030.xyz generating LMP .data.in file with template data file index: 1
	On case 0 configuration case_0.indep_0.traj_20F_#031.xyz generating LMP .data.in file with template data file index: 1
	On case 0 configuration case_0.indep_0.traj_20F_#032.xyz generating LMP .data.in file with template data file index: 1
	On case 0 configuration case_0.indep_0.traj_20F_#033.xyz generating LMP .data.in file with template data file index: 1
	On case 0 configuration case_0.indep_0.traj_20F_#034.xyz generating LMP .data.in file with template data file index: 1
	On case 0 configuration case_0.indep_0.traj_20F_#035.xyz generating LMP .data.in file with template data file index: 1
	On case 0 configuration case_0.indep_0.traj_20F_#036.xyz generating LMP .data.in file with template data file index: 1
	On case 0 configuration case_0.indep_0.traj_20F_#037.xyz generating LMP .data.in file with template data file index: 1
	On case 0 configuration case_0.indep_0.traj_20F_#038.xyz generating LMP .data.in file with template data file index: 1
	On case 0 configuration case_0.indep_0.traj_20F_#039.xyz generating LMP .data.in file with template data file index: 1
Sleeping for 60 more seconds while waiting for jobs  ['56042545'] ... setup_qm
Sleeping for 60 more seconds while waiting for jobs  ['56042545'] ... setup_qm
Breaking ... 
active jobs:  []
All jobs are complete
Working on: LMP-20
Detected 0 unconverged QM jobs
post-processing...
Working on: LMP-20
	Processing files:         
	    trjfile:              CASE-0/case_0.indep_0.traj_20F_#000.traj.lammpstrj
	    logfile:              CASE-0/case_0.indep_0.traj_20F_#000.log.lammps
	Writing output to:        CASE-0/case_0.indep_0.traj_20F_#000.traj.lammpstrj.xyzf
	Will use units:           REAL
	Counted atoms:            72
	Counted frames:           1
	Printing every nth frame: 1
Printed frames:            1
	Processing files:         
	    trjfile:              CASE-0/case_0.indep_0.traj_20F_#001.traj.lammpstrj
	    logfile:              CASE-0/case_0.indep_0.traj_20F_#001.log.lammps
	Writing output to:        CASE-0/case_0.indep_0.traj_20F_#001.traj.lammpstrj.xyzf
	Will use units:           REAL
	Counted atoms:            72
	Counted frames:           1
	Printing every nth frame: 1
Printed frames:            1
	Processing files:         
	    trjfile:              CASE-0/case_0.indep_0.traj_20F_#002.traj.lammpstrj
	    logfile:              CASE-0/case_0.indep_0.traj_20F_#002.log.lammps
	Writing output to:        CASE-0/case_0.indep_0.traj_20F_#002.traj.lammpstrj.xyzf
	Will use units:           REAL
	Counted atoms:            72
	Counted frames:           1
	Printing every nth frame: 1
Printed frames:            1
	Processing files:         
	    trjfile:              CASE-0/case_0.indep_0.traj_20F_#003.traj.lammpstrj
	    logfile:              CASE-0/case_0.indep_0.traj_20F_#003.log.lammps
	Writing output to:        CASE-0/case_0.indep_0.traj_20F_#003.traj.lammpstrj.xyzf
	Will use units:           REAL
	Counted atoms:            72
	Counted frames:           1
	Printing every nth frame: 1
Printed frames:            1
	Processing files:         
	    trjfile:              CASE-0/case_0.indep_0.traj_20F_#004.traj.lammpstrj
	    logfile:              CASE-0/case_0.indep_0.traj_20F_#004.log.lammps
	Writing output to:        CASE-0/case_0.indep_0.traj_20F_#004.traj.lammpstrj.xyzf
	Will use units:           REAL
	Counted atoms:            72
	Counted frames:           1
	Printing every nth frame: 1
Printed frames:            1
	Processing files:         
	    trjfile:              CASE-0/case_0.indep_0.traj_20F_#005.traj.lammpstrj
	    logfile:              CASE-0/case_0.indep_0.traj_20F_#005.log.lammps
	Writing output to:        CASE-0/case_0.indep_0.traj_20F_#005.traj.lammpstrj.xyzf
	Will use units:           REAL
	Counted atoms:            72
	Counted frames:           1
	Printing every nth frame: 1
Printed frames:            1
	Processing files:         
	    trjfile:              CASE-0/case_0.indep_0.traj_20F_#006.traj.lammpstrj
	    logfile:              CASE-0/case_0.indep_0.traj_20F_#006.log.lammps
	Writing output to:        CASE-0/case_0.indep_0.traj_20F_#006.traj.lammpstrj.xyzf
	Will use units:           REAL
	Counted atoms:            72
	Counted frames:           1
	Printing every nth frame: 1
Printed frames:            1
	Processing files:         
	    trjfile:              CASE-0/case_0.indep_0.traj_20F_#007.traj.lammpstrj
	    logfile:              CASE-0/case_0.indep_0.traj_20F_#007.log.lammps
	Writing output to:        CASE-0/case_0.indep_0.traj_20F_#007.traj.lammpstrj.xyzf
	Will use units:           REAL
	Counted atoms:            72
	Counted frames:           1
	Printing every nth frame: 1
Printed frames:            1
	Processing files:         
	    trjfile:              CASE-0/case_0.indep_0.traj_20F_#008.traj.lammpstrj
	    logfile:              CASE-0/case_0.indep_0.traj_20F_#008.log.lammps
	Writing output to:        CASE-0/case_0.indep_0.traj_20F_#008.traj.lammpstrj.xyzf
	Will use units:           REAL
	Counted atoms:            72
	Counted frames:           1
	Printing every nth frame: 1
Printed frames:            1
	Processing files:         
	    trjfile:              CASE-0/case_0.indep_0.traj_20F_#009.traj.lammpstrj
	    logfile:              CASE-0/case_0.indep_0.traj_20F_#009.log.lammps
	Writing output to:        CASE-0/case_0.indep_0.traj_20F_#009.traj.lammpstrj.xyzf
	Will use units:           REAL
	Counted atoms:            72
	Counted frames:           1
	Printing every nth frame: 1
Printed frames:            1
	Processing files:         
	    trjfile:              CASE-0/case_0.indep_0.traj_20F_#010.traj.lammpstrj
	    logfile:              CASE-0/case_0.indep_0.traj_20F_#010.log.lammps
	Writing output to:        CASE-0/case_0.indep_0.traj_20F_#010.traj.lammpstrj.xyzf
	Will use units:           REAL
	Counted atoms:            72
	Counted frames:           1
	Printing every nth frame: 1
Printed frames:            1
	Processing files:         
	    trjfile:              CASE-0/case_0.indep_0.traj_20F_#011.traj.lammpstrj
	    logfile:              CASE-0/case_0.indep_0.traj_20F_#011.log.lammps
	Writing output to:        CASE-0/case_0.indep_0.traj_20F_#011.traj.lammpstrj.xyzf
	Will use units:           REAL
	Counted atoms:            72
	Counted frames:           1
	Printing every nth frame: 1
Printed frames:            1
	Processing files:         
	    trjfile:              CASE-0/case_0.indep_0.traj_20F_#012.traj.lammpstrj
	    logfile:              CASE-0/case_0.indep_0.traj_20F_#012.log.lammps
	Writing output to:        CASE-0/case_0.indep_0.traj_20F_#012.traj.lammpstrj.xyzf
	Will use units:           REAL
	Counted atoms:            72
	Counted frames:           1
	Printing every nth frame: 1
Printed frames:            1
	Processing files:         
	    trjfile:              CASE-0/case_0.indep_0.traj_20F_#013.traj.lammpstrj
	    logfile:              CASE-0/case_0.indep_0.traj_20F_#013.log.lammps
	Writing output to:        CASE-0/case_0.indep_0.traj_20F_#013.traj.lammpstrj.xyzf
	Will use units:           REAL
	Counted atoms:            72
	Counted frames:           1
	Printing every nth frame: 1
Printed frames:            1
	Processing files:         
	    trjfile:              CASE-0/case_0.indep_0.traj_20F_#014.traj.lammpstrj
	    logfile:              CASE-0/case_0.indep_0.traj_20F_#014.log.lammps
	Writing output to:        CASE-0/case_0.indep_0.traj_20F_#014.traj.lammpstrj.xyzf
	Will use units:           REAL
	Counted atoms:            72
	Counted frames:           1
	Printing every nth frame: 1
Printed frames:            1
	Processing files:         
	    trjfile:              CASE-0/case_0.indep_0.traj_20F_#015.traj.lammpstrj
	    logfile:              CASE-0/case_0.indep_0.traj_20F_#015.log.lammps
	Writing output to:        CASE-0/case_0.indep_0.traj_20F_#015.traj.lammpstrj.xyzf
	Will use units:           REAL
	Counted atoms:            72
	Counted frames:           1
	Printing every nth frame: 1
Printed frames:            1
	Processing files:         
	    trjfile:              CASE-0/case_0.indep_0.traj_20F_#016.traj.lammpstrj
	    logfile:              CASE-0/case_0.indep_0.traj_20F_#016.log.lammps
	Writing output to:        CASE-0/case_0.indep_0.traj_20F_#016.traj.lammpstrj.xyzf
	Will use units:           REAL
	Counted atoms:            72
	Counted frames:           1
	Printing every nth frame: 1
Printed frames:            1
	Processing files:         
	    trjfile:              CASE-0/case_0.indep_0.traj_20F_#017.traj.lammpstrj
	    logfile:              CASE-0/case_0.indep_0.traj_20F_#017.log.lammps
	Writing output to:        CASE-0/case_0.indep_0.traj_20F_#017.traj.lammpstrj.xyzf
	Will use units:           REAL
	Counted atoms:            72
	Counted frames:           1
	Printing every nth frame: 1
Printed frames:            1
	Processing files:         
	    trjfile:              CASE-0/case_0.indep_0.traj_20F_#018.traj.lammpstrj
	    logfile:              CASE-0/case_0.indep_0.traj_20F_#018.log.lammps
	Writing output to:        CASE-0/case_0.indep_0.traj_20F_#018.traj.lammpstrj.xyzf
	Will use units:           REAL
	Counted atoms:            72
	Counted frames:           1
	Printing every nth frame: 1
Printed frames:            1
	Processing files:         
	    trjfile:              CASE-0/case_0.indep_0.traj_20F_#019.traj.lammpstrj
	    logfile:              CASE-0/case_0.indep_0.traj_20F_#019.log.lammps
	Writing output to:        CASE-0/case_0.indep_0.traj_20F_#019.traj.lammpstrj.xyzf
	Will use units:           REAL
	Counted atoms:            72
	Counted frames:           1
	Printing every nth frame: 1
Printed frames:            1
	Processing files:         
	    trjfile:              CASE-0/case_0.indep_0.traj_20F_#020.traj.lammpstrj
	    logfile:              CASE-0/case_0.indep_0.traj_20F_#020.log.lammps
	Writing output to:        CASE-0/case_0.indep_0.traj_20F_#020.traj.lammpstrj.xyzf
	Will use units:           REAL
	Counted atoms:            72
	Counted frames:           1
	Printing every nth frame: 1
Printed frames:            1
	Processing files:         
	    trjfile:              CASE-0/case_0.indep_0.traj_20F_#021.traj.lammpstrj
	    logfile:              CASE-0/case_0.indep_0.traj_20F_#021.log.lammps
	Writing output to:        CASE-0/case_0.indep_0.traj_20F_#021.traj.lammpstrj.xyzf
	Will use units:           REAL
	Counted atoms:            72
	Counted frames:           1
	Printing every nth frame: 1
Printed frames:            1
	Processing files:         
	    trjfile:              CASE-0/case_0.indep_0.traj_20F_#022.traj.lammpstrj
	    logfile:              CASE-0/case_0.indep_0.traj_20F_#022.log.lammps
	Writing output to:        CASE-0/case_0.indep_0.traj_20F_#022.traj.lammpstrj.xyzf
	Will use units:           REAL
	Counted atoms:            72
	Counted frames:           1
	Printing every nth frame: 1
Printed frames:            1
	Processing files:         
	    trjfile:              CASE-0/case_0.indep_0.traj_20F_#023.traj.lammpstrj
	    logfile:              CASE-0/case_0.indep_0.traj_20F_#023.log.lammps
	Writing output to:        CASE-0/case_0.indep_0.traj_20F_#023.traj.lammpstrj.xyzf
	Will use units:           REAL
	Counted atoms:            72
	Counted frames:           1
	Printing every nth frame: 1
Printed frames:            1
	Processing files:         
	    trjfile:              CASE-0/case_0.indep_0.traj_20F_#024.traj.lammpstrj
	    logfile:              CASE-0/case_0.indep_0.traj_20F_#024.log.lammps
	Writing output to:        CASE-0/case_0.indep_0.traj_20F_#024.traj.lammpstrj.xyzf
	Will use units:           REAL
	Counted atoms:            72
	Counted frames:           1
	Printing every nth frame: 1
Printed frames:            1
	Processing files:         
	    trjfile:              CASE-0/case_0.indep_0.traj_20F_#025.traj.lammpstrj
	    logfile:              CASE-0/case_0.indep_0.traj_20F_#025.log.lammps
	Writing output to:        CASE-0/case_0.indep_0.traj_20F_#025.traj.lammpstrj.xyzf
	Will use units:           REAL
	Counted atoms:            72
	Counted frames:           1
	Printing every nth frame: 1
Printed frames:            1
	Processing files:         
	    trjfile:              CASE-0/case_0.indep_0.traj_20F_#026.traj.lammpstrj
	    logfile:              CASE-0/case_0.indep_0.traj_20F_#026.log.lammps
	Writing output to:        CASE-0/case_0.indep_0.traj_20F_#026.traj.lammpstrj.xyzf
	Will use units:           REAL
	Counted atoms:            72
	Counted frames:           1
	Printing every nth frame: 1
Printed frames:            1
	Processing files:         
	    trjfile:              CASE-0/case_0.indep_0.traj_20F_#027.traj.lammpstrj
	    logfile:              CASE-0/case_0.indep_0.traj_20F_#027.log.lammps
	Writing output to:        CASE-0/case_0.indep_0.traj_20F_#027.traj.lammpstrj.xyzf
	Will use units:           REAL
	Counted atoms:            72
	Counted frames:           1
	Printing every nth frame: 1
Printed frames:            1
	Processing files:         
	    trjfile:              CASE-0/case_0.indep_0.traj_20F_#028.traj.lammpstrj
	    logfile:              CASE-0/case_0.indep_0.traj_20F_#028.log.lammps
	Writing output to:        CASE-0/case_0.indep_0.traj_20F_#028.traj.lammpstrj.xyzf
	Will use units:           REAL
	Counted atoms:            72
	Counted frames:           1
	Printing every nth frame: 1
Printed frames:            1
	Processing files:         
	    trjfile:              CASE-0/case_0.indep_0.traj_20F_#029.traj.lammpstrj
	    logfile:              CASE-0/case_0.indep_0.traj_20F_#029.log.lammps
	Writing output to:        CASE-0/case_0.indep_0.traj_20F_#029.traj.lammpstrj.xyzf
	Will use units:           REAL
	Counted atoms:            72
	Counted frames:           1
	Printing every nth frame: 1
Printed frames:            1
	Processing files:         
	    trjfile:              CASE-0/case_0.indep_0.traj_20F_#030.traj.lammpstrj
	    logfile:              CASE-0/case_0.indep_0.traj_20F_#030.log.lammps
	Writing output to:        CASE-0/case_0.indep_0.traj_20F_#030.traj.lammpstrj.xyzf
	Will use units:           REAL
	Counted atoms:            72
	Counted frames:           1
	Printing every nth frame: 1
Printed frames:            1
	Processing files:         
	    trjfile:              CASE-0/case_0.indep_0.traj_20F_#031.traj.lammpstrj
	    logfile:              CASE-0/case_0.indep_0.traj_20F_#031.log.lammps
	Writing output to:        CASE-0/case_0.indep_0.traj_20F_#031.traj.lammpstrj.xyzf
	Will use units:           REAL
	Counted atoms:            72
	Counted frames:           1
	Printing every nth frame: 1
Printed frames:            1
	Processing files:         
	    trjfile:              CASE-0/case_0.indep_0.traj_20F_#032.traj.lammpstrj
	    logfile:              CASE-0/case_0.indep_0.traj_20F_#032.log.lammps
	Writing output to:        CASE-0/case_0.indep_0.traj_20F_#032.traj.lammpstrj.xyzf
	Will use units:           REAL
	Counted atoms:            72
	Counted frames:           1
	Printing every nth frame: 1
Printed frames:            1
	Processing files:         
	    trjfile:              CASE-0/case_0.indep_0.traj_20F_#033.traj.lammpstrj
	    logfile:              CASE-0/case_0.indep_0.traj_20F_#033.log.lammps
	Writing output to:        CASE-0/case_0.indep_0.traj_20F_#033.traj.lammpstrj.xyzf
	Will use units:           REAL
	Counted atoms:            72
	Counted frames:           1
	Printing every nth frame: 1
Printed frames:            1
	Processing files:         
	    trjfile:              CASE-0/case_0.indep_0.traj_20F_#034.traj.lammpstrj
	    logfile:              CASE-0/case_0.indep_0.traj_20F_#034.log.lammps
	Writing output to:        CASE-0/case_0.indep_0.traj_20F_#034.traj.lammpstrj.xyzf
	Will use units:           REAL
	Counted atoms:            72
	Counted frames:           1
	Printing every nth frame: 1
Printed frames:            1
	Processing files:         
	    trjfile:              CASE-0/case_0.indep_0.traj_20F_#035.traj.lammpstrj
	    logfile:              CASE-0/case_0.indep_0.traj_20F_#035.log.lammps
	Writing output to:        CASE-0/case_0.indep_0.traj_20F_#035.traj.lammpstrj.xyzf
	Will use units:           REAL
	Counted atoms:            72
	Counted frames:           1
	Printing every nth frame: 1
Printed frames:            1
	Processing files:         
	    trjfile:              CASE-0/case_0.indep_0.traj_20F_#036.traj.lammpstrj
	    logfile:              CASE-0/case_0.indep_0.traj_20F_#036.log.lammps
	Writing output to:        CASE-0/case_0.indep_0.traj_20F_#036.traj.lammpstrj.xyzf
	Will use units:           REAL
	Counted atoms:            72
	Counted frames:           1
	Printing every nth frame: 1
Printed frames:            1
	Processing files:         
	    trjfile:              CASE-0/case_0.indep_0.traj_20F_#037.traj.lammpstrj
	    logfile:              CASE-0/case_0.indep_0.traj_20F_#037.log.lammps
	Writing output to:        CASE-0/case_0.indep_0.traj_20F_#037.traj.lammpstrj.xyzf
	Will use units:           REAL
	Counted atoms:            72
	Counted frames:           1
	Printing every nth frame: 1
Printed frames:            1
	Processing files:         
	    trjfile:              CASE-0/case_0.indep_0.traj_20F_#038.traj.lammpstrj
	    logfile:              CASE-0/case_0.indep_0.traj_20F_#038.log.lammps
	Writing output to:        CASE-0/case_0.indep_0.traj_20F_#038.traj.lammpstrj.xyzf
	Will use units:           REAL
	Counted atoms:            72
	Counted frames:           1
	Printing every nth frame: 1
Printed frames:            1
	Processing files:         
	    trjfile:              CASE-0/case_0.indep_0.traj_20F_#039.traj.lammpstrj
	    logfile:              CASE-0/case_0.indep_0.traj_20F_#039.log.lammps
	Writing output to:        CASE-0/case_0.indep_0.traj_20F_#039.traj.lammpstrj.xyzf
	Will use units:           REAL
	Counted atoms:            72
	Counted frames:           1
	Printing every nth frame: 1
Printed frames:            1
ALC- 2 is complete
Working on ALC: 3
Warning: Setting FITSTRS false for ALC > 3
Sleeping for 60 more seconds while waiting for job  56042585 ... build_amat
Sleeping for 60 more seconds while waiting for job  56042585 ... build_amat
Breaking ... 
Starting solve_amat from scratch
A-mat entries:   60480
b-mat entries:   60480
natoms entries:  60480
weight entries:  60480
Dim file contents: 42 60480

Splitting A-matrix for faster solve
Will write 36 files with 1680 lines per file
Counted 42 columns
Working on a new file no. 0
Working on a new file no. 1
Working on a new file no. 2
Working on a new file no. 3
Working on a new file no. 4
Working on a new file no. 5
Working on a new file no. 6
Working on a new file no. 7
Working on a new file no. 8
Working on a new file no. 9
Working on a new file no. 10
Working on a new file no. 11
Working on a new file no. 12
Working on a new file no. 13
Working on a new file no. 14
Working on a new file no. 15
Working on a new file no. 16
Working on a new file no. 17
Working on a new file no. 18
Working on a new file no. 19
Working on a new file no. 20
Working on a new file no. 21
Working on a new file no. 22
Working on a new file no. 23
Working on a new file no. 24
Working on a new file no. 25
Working on a new file no. 26
Working on a new file no. 27
Working on a new file no. 28
Working on a new file no. 29
Working on a new file no. 30
Working on a new file no. 31
Working on a new file no. 32
Working on a new file no. 33
Working on a new file no. 34
    ...split complete
Sleeping for 60 more seconds while waiting for job  56042671 ... solve_amat
Sleeping for 60 more seconds while waiting for job  56042671 ... solve_amat
Breaking ... 
Sleeping for 60 more seconds while waiting for jobs  ['56042697'] ... run_md
Sleeping for 60 more seconds while waiting for jobs  ['56042697'] ... run_md
Sleeping for 60 more seconds while waiting for jobs  ['56042697'] ... run_md
Sleeping for 60 more seconds while waiting for jobs  ['56042697'] ... run_md
Sleeping for 60 more seconds while waiting for jobs  ['56042697'] ... run_md
Breaking ... 

Generating 20 evenly spaced frames
Breaking apart file:  traj_bad_r.ge.rin+dp_dftbfrq.xyz
WARNING: Converting forces from Hartree/bohr to simulation units (kca/mol/Ang)
Adding up to 20 traj_bad_r.lt.rin+dp.xyz frames
Breaking apart file:  traj_bad_r.lt.rin+dp.xyz
WARNING: Converting forces from Hartree/bohr to simulation units (kca/mol/Ang)
WARNING: LMP as a gas phase method is untested!
WARNING: LMP as a gas phase method is untested!
WARNING: LMP as a gas phase method is untested!
Breaking apart file:  case_0.indep_0.traj_20F.xyz
WARNING: Converting forces from Hartree/bohr to simulation units (kca/mol/Ang)
	On case 0 configuration case_0.indep_0.traj_20F_#000.xyz generating LMP .data.in file with template data file index: 1
	On case 0 configuration case_0.indep_0.traj_20F_#001.xyz generating LMP .data.in file with template data file index: 1
	On case 0 configuration case_0.indep_0.traj_20F_#002.xyz generating LMP .data.in file with template data file index: 1
	On case 0 configuration case_0.indep_0.traj_20F_#003.xyz generating LMP .data.in file with template data file index: 1
	On case 0 configuration case_0.indep_0.traj_20F_#004.xyz generating LMP .data.in file with template data file index: 1
	On case 0 configuration case_0.indep_0.traj_20F_#005.xyz generating LMP .data.in file with template data file index: 1
	On case 0 configuration case_0.indep_0.traj_20F_#006.xyz generating LMP .data.in file with template data file index: 1
	On case 0 configuration case_0.indep_0.traj_20F_#007.xyz generating LMP .data.in file with template data file index: 1
	On case 0 configuration case_0.indep_0.traj_20F_#008.xyz generating LMP .data.in file with template data file index: 1
	On case 0 configuration case_0.indep_0.traj_20F_#009.xyz generating LMP .data.in file with template data file index: 1
	On case 0 configuration case_0.indep_0.traj_20F_#010.xyz generating LMP .data.in file with template data file index: 1
	On case 0 configuration case_0.indep_0.traj_20F_#011.xyz generating LMP .data.in file with template data file index: 1
	On case 0 configuration case_0.indep_0.traj_20F_#012.xyz generating LMP .data.in file with template data file index: 1
	On case 0 configuration case_0.indep_0.traj_20F_#013.xyz generating LMP .data.in file with template data file index: 1
	On case 0 configuration case_0.indep_0.traj_20F_#014.xyz generating LMP .data.in file with template data file index: 1
	On case 0 configuration case_0.indep_0.traj_20F_#015.xyz generating LMP .data.in file with template data file index: 1
	On case 0 configuration case_0.indep_0.traj_20F_#016.xyz generating LMP .data.in file with template data file index: 1
	On case 0 configuration case_0.indep_0.traj_20F_#017.xyz generating LMP .data.in file with template data file index: 1
	On case 0 configuration case_0.indep_0.traj_20F_#018.xyz generating LMP .data.in file with template data file index: 1
	On case 0 configuration case_0.indep_0.traj_20F_#019.xyz generating LMP .data.in file with template data file index: 1
	On case 0 configuration case_0.indep_0.traj_20F_#020.xyz generating LMP .data.in file with template data file index: 1
	On case 0 configuration case_0.indep_0.traj_20F_#021.xyz generating LMP .data.in file with template data file index: 1
	On case 0 configuration case_0.indep_0.traj_20F_#022.xyz generating LMP .data.in file with template data file index: 1
	On case 0 configuration case_0.indep_0.traj_20F_#023.xyz generating LMP .data.in file with template data file index: 1
	On case 0 configuration case_0.indep_0.traj_20F_#024.xyz generating LMP .data.in file with template data file index: 1
	On case 0 configuration case_0.indep_0.traj_20F_#025.xyz generating LMP .data.in file with template data file index: 1
	On case 0 configuration case_0.indep_0.traj_20F_#026.xyz generating LMP .data.in file with template data file index: 1
	On case 0 configuration case_0.indep_0.traj_20F_#027.xyz generating LMP .data.in file with template data file index: 1
	On case 0 configuration case_0.indep_0.traj_20F_#028.xyz generating LMP .data.in file with template data file index: 1
	On case 0 configuration case_0.indep_0.traj_20F_#029.xyz generating LMP .data.in file with template data file index: 1
	On case 0 configuration case_0.indep_0.traj_20F_#030.xyz generating LMP .data.in file with template data file index: 1
	On case 0 configuration case_0.indep_0.traj_20F_#031.xyz generating LMP .data.in file with template data file index: 1
	On case 0 configuration case_0.indep_0.traj_20F_#032.xyz generating LMP .data.in file with template data file index: 1
	On case 0 configuration case_0.indep_0.traj_20F_#033.xyz generating LMP .data.in file with template data file index: 1
	On case 0 configuration case_0.indep_0.traj_20F_#034.xyz generating LMP .data.in file with template data file index: 1
	On case 0 configuration case_0.indep_0.traj_20F_#035.xyz generating LMP .data.in file with template data file index: 1
	On case 0 configuration case_0.indep_0.traj_20F_#036.xyz generating LMP .data.in file with template data file index: 1
	On case 0 configuration case_0.indep_0.traj_20F_#037.xyz generating LMP .data.in file with template data file index: 1
	On case 0 configuration case_0.indep_0.traj_20F_#038.xyz generating LMP .data.in file with template data file index: 1
	On case 0 configuration case_0.indep_0.traj_20F_#039.xyz generating LMP .data.in file with template data file index: 1
Sleeping for 60 more seconds while waiting for jobs  ['56042744'] ... setup_qm
Breaking ... 
active jobs:  []
All jobs are complete
Working on: LMP-20
Detected 0 unconverged QM jobs
post-processing...
Working on: LMP-20
	Processing files:         
	    trjfile:              CASE-0/case_0.indep_0.traj_20F_#000.traj.lammpstrj
	    logfile:              CASE-0/case_0.indep_0.traj_20F_#000.log.lammps
	Writing output to:        CASE-0/case_0.indep_0.traj_20F_#000.traj.lammpstrj.xyzf
	Will use units:           REAL
	Counted atoms:            72
	Counted frames:           1
	Printing every nth frame: 1
Printed frames:            1
	Processing files:         
	    trjfile:              CASE-0/case_0.indep_0.traj_20F_#001.traj.lammpstrj
	    logfile:              CASE-0/case_0.indep_0.traj_20F_#001.log.lammps
	Writing output to:        CASE-0/case_0.indep_0.traj_20F_#001.traj.lammpstrj.xyzf
	Will use units:           REAL
	Counted atoms:            72
	Counted frames:           1
	Printing every nth frame: 1
Printed frames:            1
	Processing files:         
	    trjfile:              CASE-0/case_0.indep_0.traj_20F_#002.traj.lammpstrj
	    logfile:              CASE-0/case_0.indep_0.traj_20F_#002.log.lammps
	Writing output to:        CASE-0/case_0.indep_0.traj_20F_#002.traj.lammpstrj.xyzf
	Will use units:           REAL
	Counted atoms:            72
	Counted frames:           1
	Printing every nth frame: 1
Printed frames:            1
	Processing files:         
	    trjfile:              CASE-0/case_0.indep_0.traj_20F_#003.traj.lammpstrj
	    logfile:              CASE-0/case_0.indep_0.traj_20F_#003.log.lammps
	Writing output to:        CASE-0/case_0.indep_0.traj_20F_#003.traj.lammpstrj.xyzf
	Will use units:           REAL
	Counted atoms:            72
	Counted frames:           1
	Printing every nth frame: 1
Printed frames:            1
	Processing files:         
	    trjfile:              CASE-0/case_0.indep_0.traj_20F_#004.traj.lammpstrj
	    logfile:              CASE-0/case_0.indep_0.traj_20F_#004.log.lammps
	Writing output to:        CASE-0/case_0.indep_0.traj_20F_#004.traj.lammpstrj.xyzf
	Will use units:           REAL
	Counted atoms:            72
	Counted frames:           1
	Printing every nth frame: 1
Printed frames:            1
	Processing files:         
	    trjfile:              CASE-0/case_0.indep_0.traj_20F_#005.traj.lammpstrj
	    logfile:              CASE-0/case_0.indep_0.traj_20F_#005.log.lammps
	Writing output to:        CASE-0/case_0.indep_0.traj_20F_#005.traj.lammpstrj.xyzf
	Will use units:           REAL
	Counted atoms:            72
	Counted frames:           1
	Printing every nth frame: 1
Printed frames:            1
	Processing files:         
	    trjfile:              CASE-0/case_0.indep_0.traj_20F_#006.traj.lammpstrj
	    logfile:              CASE-0/case_0.indep_0.traj_20F_#006.log.lammps
	Writing output to:        CASE-0/case_0.indep_0.traj_20F_#006.traj.lammpstrj.xyzf
	Will use units:           REAL
	Counted atoms:            72
	Counted frames:           1
	Printing every nth frame: 1
Printed frames:            1
	Processing files:         
	    trjfile:              CASE-0/case_0.indep_0.traj_20F_#007.traj.lammpstrj
	    logfile:              CASE-0/case_0.indep_0.traj_20F_#007.log.lammps
	Writing output to:        CASE-0/case_0.indep_0.traj_20F_#007.traj.lammpstrj.xyzf
	Will use units:           REAL
	Counted atoms:            72
	Counted frames:           1
	Printing every nth frame: 1
Printed frames:            1
	Processing files:         
	    trjfile:              CASE-0/case_0.indep_0.traj_20F_#008.traj.lammpstrj
	    logfile:              CASE-0/case_0.indep_0.traj_20F_#008.log.lammps
	Writing output to:        CASE-0/case_0.indep_0.traj_20F_#008.traj.lammpstrj.xyzf
	Will use units:           REAL
	Counted atoms:            72
	Counted frames:           1
	Printing every nth frame: 1
Printed frames:            1
	Processing files:         
	    trjfile:              CASE-0/case_0.indep_0.traj_20F_#009.traj.lammpstrj
	    logfile:              CASE-0/case_0.indep_0.traj_20F_#009.log.lammps
	Writing output to:        CASE-0/case_0.indep_0.traj_20F_#009.traj.lammpstrj.xyzf
	Will use units:           REAL
	Counted atoms:            72
	Counted frames:           1
	Printing every nth frame: 1
Printed frames:            1
	Processing files:         
	    trjfile:              CASE-0/case_0.indep_0.traj_20F_#010.traj.lammpstrj
	    logfile:              CASE-0/case_0.indep_0.traj_20F_#010.log.lammps
	Writing output to:        CASE-0/case_0.indep_0.traj_20F_#010.traj.lammpstrj.xyzf
	Will use units:           REAL
	Counted atoms:            72
	Counted frames:           1
	Printing every nth frame: 1
Printed frames:            1
	Processing files:         
	    trjfile:              CASE-0/case_0.indep_0.traj_20F_#011.traj.lammpstrj
	    logfile:              CASE-0/case_0.indep_0.traj_20F_#011.log.lammps
	Writing output to:        CASE-0/case_0.indep_0.traj_20F_#011.traj.lammpstrj.xyzf
	Will use units:           REAL
	Counted atoms:            72
	Counted frames:           1
	Printing every nth frame: 1
Printed frames:            1
	Processing files:         
	    trjfile:              CASE-0/case_0.indep_0.traj_20F_#012.traj.lammpstrj
	    logfile:              CASE-0/case_0.indep_0.traj_20F_#012.log.lammps
	Writing output to:        CASE-0/case_0.indep_0.traj_20F_#012.traj.lammpstrj.xyzf
	Will use units:           REAL
	Counted atoms:            72
	Counted frames:           1
	Printing every nth frame: 1
Printed frames:            1
	Processing files:         
	    trjfile:              CASE-0/case_0.indep_0.traj_20F_#013.traj.lammpstrj
	    logfile:              CASE-0/case_0.indep_0.traj_20F_#013.log.lammps
	Writing output to:        CASE-0/case_0.indep_0.traj_20F_#013.traj.lammpstrj.xyzf
	Will use units:           REAL
	Counted atoms:            72
	Counted frames:           1
	Printing every nth frame: 1
Printed frames:            1
	Processing files:         
	    trjfile:              CASE-0/case_0.indep_0.traj_20F_#014.traj.lammpstrj
	    logfile:              CASE-0/case_0.indep_0.traj_20F_#014.log.lammps
	Writing output to:        CASE-0/case_0.indep_0.traj_20F_#014.traj.lammpstrj.xyzf
	Will use units:           REAL
	Counted atoms:            72
	Counted frames:           1
	Printing every nth frame: 1
Printed frames:            1
	Processing files:         
	    trjfile:              CASE-0/case_0.indep_0.traj_20F_#015.traj.lammpstrj
	    logfile:              CASE-0/case_0.indep_0.traj_20F_#015.log.lammps
	Writing output to:        CASE-0/case_0.indep_0.traj_20F_#015.traj.lammpstrj.xyzf
	Will use units:           REAL
	Counted atoms:            72
	Counted frames:           1
	Printing every nth frame: 1
Printed frames:            1
	Processing files:         
	    trjfile:              CASE-0/case_0.indep_0.traj_20F_#016.traj.lammpstrj
	    logfile:              CASE-0/case_0.indep_0.traj_20F_#016.log.lammps
	Writing output to:        CASE-0/case_0.indep_0.traj_20F_#016.traj.lammpstrj.xyzf
	Will use units:           REAL
	Counted atoms:            72
	Counted frames:           1
	Printing every nth frame: 1
Printed frames:            1
	Processing files:         
	    trjfile:              CASE-0/case_0.indep_0.traj_20F_#017.traj.lammpstrj
	    logfile:              CASE-0/case_0.indep_0.traj_20F_#017.log.lammps
	Writing output to:        CASE-0/case_0.indep_0.traj_20F_#017.traj.lammpstrj.xyzf
	Will use units:           REAL
	Counted atoms:            72
	Counted frames:           1
	Printing every nth frame: 1
Printed frames:            1
	Processing files:         
	    trjfile:              CASE-0/case_0.indep_0.traj_20F_#018.traj.lammpstrj
	    logfile:              CASE-0/case_0.indep_0.traj_20F_#018.log.lammps
	Writing output to:        CASE-0/case_0.indep_0.traj_20F_#018.traj.lammpstrj.xyzf
	Will use units:           REAL
	Counted atoms:            72
	Counted frames:           1
	Printing every nth frame: 1
Printed frames:            1
	Processing files:         
	    trjfile:              CASE-0/case_0.indep_0.traj_20F_#019.traj.lammpstrj
	    logfile:              CASE-0/case_0.indep_0.traj_20F_#019.log.lammps
	Writing output to:        CASE-0/case_0.indep_0.traj_20F_#019.traj.lammpstrj.xyzf
	Will use units:           REAL
	Counted atoms:            72
	Counted frames:           1
	Printing every nth frame: 1
Printed frames:            1
	Processing files:         
	    trjfile:              CASE-0/case_0.indep_0.traj_20F_#020.traj.lammpstrj
	    logfile:              CASE-0/case_0.indep_0.traj_20F_#020.log.lammps
	Writing output to:        CASE-0/case_0.indep_0.traj_20F_#020.traj.lammpstrj.xyzf
	Will use units:           REAL
	Counted atoms:            72
	Counted frames:           1
	Printing every nth frame: 1
Printed frames:            1
	Processing files:         
	    trjfile:              CASE-0/case_0.indep_0.traj_20F_#021.traj.lammpstrj
	    logfile:              CASE-0/case_0.indep_0.traj_20F_#021.log.lammps
	Writing output to:        CASE-0/case_0.indep_0.traj_20F_#021.traj.lammpstrj.xyzf
	Will use units:           REAL
	Counted atoms:            72
	Counted frames:           1
	Printing every nth frame: 1
Printed frames:            1
	Processing files:         
	    trjfile:              CASE-0/case_0.indep_0.traj_20F_#022.traj.lammpstrj
	    logfile:              CASE-0/case_0.indep_0.traj_20F_#022.log.lammps
	Writing output to:        CASE-0/case_0.indep_0.traj_20F_#022.traj.lammpstrj.xyzf
	Will use units:           REAL
	Counted atoms:            72
	Counted frames:           1
	Printing every nth frame: 1
Printed frames:            1
	Processing files:         
	    trjfile:              CASE-0/case_0.indep_0.traj_20F_#023.traj.lammpstrj
	    logfile:              CASE-0/case_0.indep_0.traj_20F_#023.log.lammps
	Writing output to:        CASE-0/case_0.indep_0.traj_20F_#023.traj.lammpstrj.xyzf
	Will use units:           REAL
	Counted atoms:            72
	Counted frames:           1
	Printing every nth frame: 1
Printed frames:            1
	Processing files:         
	    trjfile:              CASE-0/case_0.indep_0.traj_20F_#024.traj.lammpstrj
	    logfile:              CASE-0/case_0.indep_0.traj_20F_#024.log.lammps
	Writing output to:        CASE-0/case_0.indep_0.traj_20F_#024.traj.lammpstrj.xyzf
	Will use units:           REAL
	Counted atoms:            72
	Counted frames:           1
	Printing every nth frame: 1
Printed frames:            1
	Processing files:         
	    trjfile:              CASE-0/case_0.indep_0.traj_20F_#025.traj.lammpstrj
	    logfile:              CASE-0/case_0.indep_0.traj_20F_#025.log.lammps
	Writing output to:        CASE-0/case_0.indep_0.traj_20F_#025.traj.lammpstrj.xyzf
	Will use units:           REAL
	Counted atoms:            72
	Counted frames:           1
	Printing every nth frame: 1
Printed frames:            1
	Processing files:         
	    trjfile:              CASE-0/case_0.indep_0.traj_20F_#026.traj.lammpstrj
	    logfile:              CASE-0/case_0.indep_0.traj_20F_#026.log.lammps
	Writing output to:        CASE-0/case_0.indep_0.traj_20F_#026.traj.lammpstrj.xyzf
	Will use units:           REAL
	Counted atoms:            72
	Counted frames:           1
	Printing every nth frame: 1
Printed frames:            1
	Processing files:         
	    trjfile:              CASE-0/case_0.indep_0.traj_20F_#027.traj.lammpstrj
	    logfile:              CASE-0/case_0.indep_0.traj_20F_#027.log.lammps
	Writing output to:        CASE-0/case_0.indep_0.traj_20F_#027.traj.lammpstrj.xyzf
	Will use units:           REAL
	Counted atoms:            72
	Counted frames:           1
	Printing every nth frame: 1
Printed frames:            1
	Processing files:         
	    trjfile:              CASE-0/case_0.indep_0.traj_20F_#028.traj.lammpstrj
	    logfile:              CASE-0/case_0.indep_0.traj_20F_#028.log.lammps
	Writing output to:        CASE-0/case_0.indep_0.traj_20F_#028.traj.lammpstrj.xyzf
	Will use units:           REAL
	Counted atoms:            72
	Counted frames:           1
	Printing every nth frame: 1
Printed frames:            1
	Processing files:         
	    trjfile:              CASE-0/case_0.indep_0.traj_20F_#029.traj.lammpstrj
	    logfile:              CASE-0/case_0.indep_0.traj_20F_#029.log.lammps
	Writing output to:        CASE-0/case_0.indep_0.traj_20F_#029.traj.lammpstrj.xyzf
	Will use units:           REAL
	Counted atoms:            72
	Counted frames:           1
	Printing every nth frame: 1
Printed frames:            1
	Processing files:         
	    trjfile:              CASE-0/case_0.indep_0.traj_20F_#030.traj.lammpstrj
	    logfile:              CASE-0/case_0.indep_0.traj_20F_#030.log.lammps
	Writing output to:        CASE-0/case_0.indep_0.traj_20F_#030.traj.lammpstrj.xyzf
	Will use units:           REAL
	Counted atoms:            72
	Counted frames:           1
	Printing every nth frame: 1
Printed frames:            1
	Processing files:         
	    trjfile:              CASE-0/case_0.indep_0.traj_20F_#031.traj.lammpstrj
	    logfile:              CASE-0/case_0.indep_0.traj_20F_#031.log.lammps
	Writing output to:        CASE-0/case_0.indep_0.traj_20F_#031.traj.lammpstrj.xyzf
	Will use units:           REAL
	Counted atoms:            72
	Counted frames:           1
	Printing every nth frame: 1
Printed frames:            1
	Processing files:         
	    trjfile:              CASE-0/case_0.indep_0.traj_20F_#032.traj.lammpstrj
	    logfile:              CASE-0/case_0.indep_0.traj_20F_#032.log.lammps
	Writing output to:        CASE-0/case_0.indep_0.traj_20F_#032.traj.lammpstrj.xyzf
	Will use units:           REAL
	Counted atoms:            72
	Counted frames:           1
	Printing every nth frame: 1
Printed frames:            1
	Processing files:         
	    trjfile:              CASE-0/case_0.indep_0.traj_20F_#033.traj.lammpstrj
	    logfile:              CASE-0/case_0.indep_0.traj_20F_#033.log.lammps
	Writing output to:        CASE-0/case_0.indep_0.traj_20F_#033.traj.lammpstrj.xyzf
	Will use units:           REAL
	Counted atoms:            72
	Counted frames:           1
	Printing every nth frame: 1
Printed frames:            1
	Processing files:         
	    trjfile:              CASE-0/case_0.indep_0.traj_20F_#034.traj.lammpstrj
	    logfile:              CASE-0/case_0.indep_0.traj_20F_#034.log.lammps
	Writing output to:        CASE-0/case_0.indep_0.traj_20F_#034.traj.lammpstrj.xyzf
	Will use units:           REAL
	Counted atoms:            72
	Counted frames:           1
	Printing every nth frame: 1
Printed frames:            1
	Processing files:         
	    trjfile:              CASE-0/case_0.indep_0.traj_20F_#035.traj.lammpstrj
	    logfile:              CASE-0/case_0.indep_0.traj_20F_#035.log.lammps
	Writing output to:        CASE-0/case_0.indep_0.traj_20F_#035.traj.lammpstrj.xyzf
	Will use units:           REAL
	Counted atoms:            72
	Counted frames:           1
	Printing every nth frame: 1
Printed frames:            1
	Processing files:         
	    trjfile:              CASE-0/case_0.indep_0.traj_20F_#036.traj.lammpstrj
	    logfile:              CASE-0/case_0.indep_0.traj_20F_#036.log.lammps
	Writing output to:        CASE-0/case_0.indep_0.traj_20F_#036.traj.lammpstrj.xyzf
	Will use units:           REAL
	Counted atoms:            72
	Counted frames:           1
	Printing every nth frame: 1
Printed frames:            1
	Processing files:         
	    trjfile:              CASE-0/case_0.indep_0.traj_20F_#037.traj.lammpstrj
	    logfile:              CASE-0/case_0.indep_0.traj_20F_#037.log.lammps
	Writing output to:        CASE-0/case_0.indep_0.traj_20F_#037.traj.lammpstrj.xyzf
	Will use units:           REAL
	Counted atoms:            72
	Counted frames:           1
	Printing every nth frame: 1
Printed frames:            1
	Processing files:         
	    trjfile:              CASE-0/case_0.indep_0.traj_20F_#038.traj.lammpstrj
	    logfile:              CASE-0/case_0.indep_0.traj_20F_#038.log.lammps
	Writing output to:        CASE-0/case_0.indep_0.traj_20F_#038.traj.lammpstrj.xyzf
	Will use units:           REAL
	Counted atoms:            72
	Counted frames:           1
	Printing every nth frame: 1
Printed frames:            1
	Processing files:         
	    trjfile:              CASE-0/case_0.indep_0.traj_20F_#039.traj.lammpstrj
	    logfile:              CASE-0/case_0.indep_0.traj_20F_#039.log.lammps
	Writing output to:        CASE-0/case_0.indep_0.traj_20F_#039.traj.lammpstrj.xyzf
	Will use units:           REAL
	Counted atoms:            72
	Counted frames:           1
	Printing every nth frame: 1
Printed frames:            1
ALC- 3 is complete
